[INFO  - 2016-01-07T23:33:39.415Z] GhostDriver - Main - running on port 28526
[INFO  - 2016-01-07T23:33:39.525Z] Session [149d4b10-b597-11e5-bc6d-4930020efe1f] - page.settings - {"XSSAuditingEnabled":false,"javascriptCanCloseWindows":true,"javascriptCanOpenWindows":true,"javascriptEnabled":true,"loadImages":true,"localToRemoteUrlAccessEnabled":false,"userAgent":"Mozilla/5.0 (Unknown; Linux x86_64) AppleWebKit/534.34 (KHTML, like Gecko) PhantomJS/1.9.8 Safari/534.34","webSecurityEnabled":true}
[INFO  - 2016-01-07T23:33:39.525Z] Session [149d4b10-b597-11e5-bc6d-4930020efe1f] - page.customHeaders:  - {}
[INFO  - 2016-01-07T23:33:39.526Z] Session [149d4b10-b597-11e5-bc6d-4930020efe1f] - Session.negotiatedCapabilities - {"browserName":"phantomjs","version":"1.9.8","driverName":"ghostdriver","driverVersion":"1.1.0","platform":"linux-unknown-64bit","javascriptEnabled":true,"takesScreenshot":true,"handlesAlerts":false,"databaseEnabled":false,"locationContextEnabled":false,"applicationCacheEnabled":false,"browserConnectionEnabled":false,"cssSelectorsEnabled":true,"webStorageEnabled":false,"rotatable":false,"acceptSslCerts":false,"nativeEvents":true,"proxy":{"proxyType":"direct"}}
[INFO  - 2016-01-07T23:33:39.528Z] SessionManagerReqHand - _postNewSessionCommand - New Session Created: 149d4b10-b597-11e5-bc6d-4930020efe1f
[INFO  - 2016-01-07T23:33:40.132Z] ShutdownReqHand - _handle - About to shutdown
[INFO  - 2016-01-07T23:34:46.273Z] GhostDriver - Main - running on port 27236
[INFO  - 2016-01-07T23:34:46.695Z] Session [3ca6c640-b597-11e5-8e2f-91887da7a3a6] - page.settings - {"XSSAuditingEnabled":false,"javascriptCanCloseWindows":true,"javascriptCanOpenWindows":true,"javascriptEnabled":true,"loadImages":true,"localToRemoteUrlAccessEnabled":false,"userAgent":"Mozilla/5.0 (Unknown; Linux x86_64) AppleWebKit/534.34 (KHTML, like Gecko) PhantomJS/1.9.8 Safari/534.34","webSecurityEnabled":true}
[INFO  - 2016-01-07T23:34:46.695Z] Session [3ca6c640-b597-11e5-8e2f-91887da7a3a6] - page.customHeaders:  - {}
[INFO  - 2016-01-07T23:34:46.696Z] Session [3ca6c640-b597-11e5-8e2f-91887da7a3a6] - Session.negotiatedCapabilities - {"browserName":"phantomjs","version":"1.9.8","driverName":"ghostdriver","driverVersion":"1.1.0","platform":"linux-unknown-64bit","javascriptEnabled":true,"takesScreenshot":true,"handlesAlerts":false,"databaseEnabled":false,"locationContextEnabled":false,"applicationCacheEnabled":false,"browserConnectionEnabled":false,"cssSelectorsEnabled":true,"webStorageEnabled":false,"rotatable":false,"acceptSslCerts":false,"nativeEvents":true,"proxy":{"proxyType":"direct"}}
[INFO  - 2016-01-07T23:34:46.698Z] SessionManagerReqHand - _postNewSessionCommand - New Session Created: 3ca6c640-b597-11e5-8e2f-91887da7a3a6
[INFO  - 2016-01-07T23:34:47.332Z] ShutdownReqHand - _handle - About to shutdown
[INFO  - 2016-01-07T23:35:03.253Z] GhostDriver - Main - running on port 6502
[INFO  - 2016-01-07T23:35:03.669Z] Session [46c4cd20-b597-11e5-bc36-1fe541482a9f] - page.settings - {"XSSAuditingEnabled":false,"javascriptCanCloseWindows":true,"javascriptCanOpenWindows":true,"javascriptEnabled":true,"loadImages":true,"localToRemoteUrlAccessEnabled":false,"userAgent":"Mozilla/5.0 (Unknown; Linux x86_64) AppleWebKit/534.34 (KHTML, like Gecko) PhantomJS/1.9.8 Safari/534.34","webSecurityEnabled":true}
[INFO  - 2016-01-07T23:35:03.669Z] Session [46c4cd20-b597-11e5-bc36-1fe541482a9f] - page.customHeaders:  - {}
[INFO  - 2016-01-07T23:35:03.670Z] Session [46c4cd20-b597-11e5-bc36-1fe541482a9f] - Session.negotiatedCapabilities - {"browserName":"phantomjs","version":"1.9.8","driverName":"ghostdriver","driverVersion":"1.1.0","platform":"linux-unknown-64bit","javascriptEnabled":true,"takesScreenshot":true,"handlesAlerts":false,"databaseEnabled":false,"locationContextEnabled":false,"applicationCacheEnabled":false,"browserConnectionEnabled":false,"cssSelectorsEnabled":true,"webStorageEnabled":false,"rotatable":false,"acceptSslCerts":false,"nativeEvents":true,"proxy":{"proxyType":"direct"}}
[INFO  - 2016-01-07T23:35:03.671Z] SessionManagerReqHand - _postNewSessionCommand - New Session Created: 46c4cd20-b597-11e5-bc36-1fe541482a9f
[INFO  - 2016-01-07T23:35:04.303Z] ShutdownReqHand - _handle - About to shutdown
[INFO  - 2016-01-07T23:41:37.211Z] GhostDriver - Main - running on port 2511
[INFO  - 2016-01-07T23:41:37.628Z] Session [31962c90-b598-11e5-ae26-1f9cee8d97f9] - page.settings - {"XSSAuditingEnabled":false,"javascriptCanCloseWindows":true,"javascriptCanOpenWindows":true,"javascriptEnabled":true,"loadImages":true,"localToRemoteUrlAccessEnabled":false,"userAgent":"Mozilla/5.0 (Unknown; Linux x86_64) AppleWebKit/534.34 (KHTML, like Gecko) PhantomJS/1.9.8 Safari/534.34","webSecurityEnabled":true}
[INFO  - 2016-01-07T23:41:37.629Z] Session [31962c90-b598-11e5-ae26-1f9cee8d97f9] - page.customHeaders:  - {}
[INFO  - 2016-01-07T23:41:37.629Z] Session [31962c90-b598-11e5-ae26-1f9cee8d97f9] - Session.negotiatedCapabilities - {"browserName":"phantomjs","version":"1.9.8","driverName":"ghostdriver","driverVersion":"1.1.0","platform":"linux-unknown-64bit","javascriptEnabled":true,"takesScreenshot":true,"handlesAlerts":false,"databaseEnabled":false,"locationContextEnabled":false,"applicationCacheEnabled":false,"browserConnectionEnabled":false,"cssSelectorsEnabled":true,"webStorageEnabled":false,"rotatable":false,"acceptSslCerts":false,"nativeEvents":true,"proxy":{"proxyType":"direct"}}
[INFO  - 2016-01-07T23:41:37.631Z] SessionManagerReqHand - _postNewSessionCommand - New Session Created: 31962c90-b598-11e5-ae26-1f9cee8d97f9
[INFO  - 2016-01-07T23:41:38.262Z] ShutdownReqHand - _handle - About to shutdown
